# JRE version: OpenJDK Runtime Environment (21.0.6) (build 21.0.6+-13368085-b895.109)
# Java VM: OpenJDK 64-Bit Server VM (21.0.6+-13368085-b895.109, mixed mode, tiered, compressed oops, compressed class ptrs, g1 gc, windows-amd64)
GC Precious Log:
 CardTable entry size: 512
 Card Set container configuration: InlinePtr #cards 4 size 8 Array Of Cards #cards 16 size 48 Howl #buckets 8 coarsen threshold 3686 Howl Bitmap #cards 512 size 80 coarsen threshold 460 Card regions per heap region 1 cards per card region 4096
 CPUs: 12 total, 12 available
 Memory: 16016M
 Large Page Support: Disabled
 NUMA Support: Disabled
 Compressed Oops: Enabled (Zero based)
 Heap Region Size: 2M
 Heap Min Capacity: 8M
 Heap Initial Capacity: 252M
 Heap Max Capacity: 4006M
 Pre-touch: Disabled
 Parallel Workers: 10
 Concurrent Workers: 3
 Concurrent Refinement Workers: 10
 Periodic GC: Disabled
Heap:
 garbage-first heap   total 219136K, used 153873K [0x0000000705a00000, 0x0000000800000000)
  region size 2048K, 16 young (32768K), 3 survivors (6144K)
 Metaspace       used 71730K, committed 72064K, reserved 1114112K
  class space    used 7632K, committed 7744K, reserved 1048576K
GC Heap History (20 events):
Event: 4.594 GC heap before
{Heap before GC invocations=12 (full 0):
 garbage-first heap   total 96256K, used 77824K [0x0000000705a00000, 0x0000000800000000)
  region size 2048K, 15 young (30720K), 3 survivors (6144K)
 Metaspace       used 49570K, committed 49856K, reserved 1114112K
  class space    used 5630K, committed 5760K, reserved 1048576K
}
Event: 4.605 GC heap after
{Heap after GC invocations=13 (full 0):
 garbage-first heap   total 141312K, used 59206K [0x0000000705a00000, 0x0000000800000000)
  region size 2048K, 2 young (4096K), 2 survivors (4096K)
 Metaspace       used 49570K, committed 49856K, reserved 1114112K
  class space    used 5630K, committed 5760K, reserved 1048576K
}
Event: 4.855 GC heap before
{Heap before GC invocations=14 (full 0):
 garbage-first heap   total 141312K, used 108358K [0x0000000705a00000, 0x0000000800000000)
  region size 2048K, 26 young (53248K), 2 survivors (4096K)
 Metaspace       used 49571K, committed 49856K, reserved 1114112K
  class space    used 5630K, committed 5760K, reserved 1048576K
}
Event: 4.865 GC heap after
{Heap after GC invocations=15 (full 0):
 garbage-first heap   total 141312K, used 71250K [0x0000000705a00000, 0x0000000800000000)
  region size 2048K, 4 young (8192K), 4 survivors (8192K)
 Metaspace       used 49571K, committed 49856K, reserved 1114112K
  class space    used 5630K, committed 5760K, reserved 1048576K
}
Event: 5.357 GC heap before
{Heap before GC invocations=15 (full 0):
 garbage-first heap   total 141312K, used 114258K [0x0000000705a00000, 0x0000000800000000)
  region size 2048K, 25 young (51200K), 4 survivors (8192K)
 Metaspace       used 52251K, committed 52544K, reserved 1114112K
  class space    used 5945K, committed 6080K, reserved 1048576K
}
Event: 5.372 GC heap after
{Heap after GC invocations=16 (full 0):
 garbage-first heap   total 141312K, used 80861K [0x0000000705a00000, 0x0000000800000000)
  region size 2048K, 4 young (8192K), 4 survivors (8192K)
 Metaspace       used 52251K, committed 52544K, reserved 1114112K
  class space    used 5945K, committed 6080K, reserved 1048576K
}
Event: 6.365 GC heap before
{Heap before GC invocations=16 (full 0):
 garbage-first heap   total 141312K, used 115677K [0x0000000705a00000, 0x0000000800000000)
  region size 2048K, 21 young (43008K), 4 survivors (8192K)
 Metaspace       used 53891K, committed 54208K, reserved 1114112K
  class space    used 6149K, committed 6272K, reserved 1048576K
}
Event: 6.386 GC heap after
{Heap after GC invocations=17 (full 0):
 garbage-first heap   total 141312K, used 89088K [0x0000000705a00000, 0x0000000800000000)
  region size 2048K, 3 young (6144K), 3 survivors (6144K)
 Metaspace       used 53891K, committed 54208K, reserved 1114112K
  class space    used 6149K, committed 6272K, reserved 1048576K
}
Event: 7.654 GC heap before
{Heap before GC invocations=18 (full 0):
 garbage-first heap   total 151552K, used 119808K [0x0000000705a00000, 0x0000000800000000)
  region size 2048K, 18 young (36864K), 3 survivors (6144K)
 Metaspace       used 55213K, committed 55552K, reserved 1114112K
  class space    used 6242K, committed 6400K, reserved 1048576K
}
Event: 7.669 GC heap after
{Heap after GC invocations=19 (full 0):
 garbage-first heap   total 151552K, used 95312K [0x0000000705a00000, 0x0000000800000000)
  region size 2048K, 3 young (6144K), 3 survivors (6144K)
 Metaspace       used 55213K, committed 55552K, reserved 1114112K
  class space    used 6242K, committed 6400K, reserved 1048576K
}
Event: 8.725 GC heap before
{Heap before GC invocations=19 (full 0):
 garbage-first heap   total 151552K, used 130128K [0x0000000705a00000, 0x0000000800000000)
  region size 2048K, 20 young (40960K), 3 survivors (6144K)
 Metaspace       used 56360K, committed 56640K, reserved 1114112K
  class space    used 6311K, committed 6464K, reserved 1048576K
}
Event: 8.743 GC heap after
{Heap after GC invocations=20 (full 0):
 garbage-first heap   total 151552K, used 102400K [0x0000000705a00000, 0x0000000800000000)
  region size 2048K, 3 young (6144K), 3 survivors (6144K)
 Metaspace       used 56360K, committed 56640K, reserved 1114112K
  class space    used 6311K, committed 6464K, reserved 1048576K
}
Event: 9.592 GC heap before
{Heap before GC invocations=20 (full 0):
 garbage-first heap   total 151552K, used 133120K [0x0000000705a00000, 0x0000000800000000)
  region size 2048K, 18 young (36864K), 3 survivors (6144K)
 Metaspace       used 59176K, committed 59520K, reserved 1114112K
  class space    used 6570K, committed 6720K, reserved 1048576K
}
Event: 9.607 GC heap after
{Heap after GC invocations=21 (full 0):
 garbage-first heap   total 184320K, used 107833K [0x0000000705a00000, 0x0000000800000000)
  region size 2048K, 3 young (6144K), 3 survivors (6144K)
 Metaspace       used 59176K, committed 59520K, reserved 1114112K
  class space    used 6570K, committed 6720K, reserved 1048576K
}
Event: 11.304 GC heap before
{Heap before GC invocations=22 (full 0):
 garbage-first heap   total 184320K, used 154937K [0x0000000705a00000, 0x0000000800000000)
  region size 2048K, 26 young (53248K), 3 survivors (6144K)
 Metaspace       used 60500K, committed 60864K, reserved 1114112K
  class space    used 6637K, committed 6784K, reserved 1048576K
}
Event: 11.324 GC heap after
{Heap after GC invocations=23 (full 0):
 garbage-first heap   total 184320K, used 119101K [0x0000000705a00000, 0x0000000800000000)
  region size 2048K, 4 young (8192K), 4 survivors (8192K)
 Metaspace       used 60500K, committed 60864K, reserved 1114112K
  class space    used 6637K, committed 6784K, reserved 1048576K
}
Event: 12.730 GC heap before
{Heap before GC invocations=23 (full 0):
 garbage-first heap   total 184320K, used 158013K [0x0000000705a00000, 0x0000000800000000)
  region size 2048K, 23 young (47104K), 4 survivors (8192K)
 Metaspace       used 67064K, committed 67328K, reserved 1114112K
  class space    used 7242K, committed 7360K, reserved 1048576K
}
Event: 12.751 GC heap after
{Heap after GC invocations=24 (full 0):
 garbage-first heap   total 184320K, used 123718K [0x0000000705a00000, 0x0000000800000000)
  region size 2048K, 3 young (6144K), 3 survivors (6144K)
 Metaspace       used 67064K, committed 67328K, reserved 1114112K
  class space    used 7242K, committed 7360K, reserved 1048576K
}
Event: 14.593 GC heap before
{Heap before GC invocations=24 (full 0):
 garbage-first heap   total 184320K, used 160582K [0x0000000705a00000, 0x0000000800000000)
  region size 2048K, 21 young (43008K), 3 survivors (6144K)
 Metaspace       used 70487K, committed 70848K, reserved 1114112K
  class space    used 7492K, committed 7616K, reserved 1048576K
}
Event: 14.607 GC heap after
{Heap after GC invocations=25 (full 0):
 garbage-first heap   total 184320K, used 129297K [0x0000000705a00000, 0x0000000800000000)
  region size 2048K, 3 young (6144K), 3 survivors (6144K)
 Metaspace       used 70487K, committed 70848K, reserved 1114112K
  class space    used 7492K, committed 7616K, reserved 1048576K
}

